[0.404s] Invoking command in '/home/aldo/ros2_ws/src/mi_primer_paquete': DEBUGINFOD_URLS=https://debuginfod.ubuntu.com PYTHONPATH=/home/aldo/ros2_ws/build/mi_primer_paquete/prefix_override:/usr/lib/python3/dist-packages/colcon_core/task/python/colcon_distutils_commands:/home/aldo/ros2_ws/install/mi_primer_paquete/lib/python3.12/site-packages:${PYTHONPATH} /usr/bin/python3 -W ignore:setup.py install is deprecated -W ignore:easy_install command is deprecated setup.py egg_info --egg-base ../../build/mi_primer_paquete build --build-base /home/aldo/ros2_ws/build/mi_primer_paquete/build install --record /home/aldo/ros2_ws/build/mi_primer_paquete/install.log --single-version-externally-managed install_data
[0.560s] running egg_info
[0.575s] writing ../../build/mi_primer_paquete/mi_primer_paquete.egg-info/PKG-INFO
[0.575s] writing dependency_links to ../../build/mi_primer_paquete/mi_primer_paquete.egg-info/dependency_links.txt
[0.575s] writing entry points to ../../build/mi_primer_paquete/mi_primer_paquete.egg-info/entry_points.txt
[0.576s] writing requirements to ../../build/mi_primer_paquete/mi_primer_paquete.egg-info/requires.txt
[0.576s] writing top-level names to ../../build/mi_primer_paquete/mi_primer_paquete.egg-info/top_level.txt
[0.606s] reading manifest file '../../build/mi_primer_paquete/mi_primer_paquete.egg-info/SOURCES.txt'
[0.607s] writing manifest file '../../build/mi_primer_paquete/mi_primer_paquete.egg-info/SOURCES.txt'
[0.607s] running build
[0.607s] running build_py
[0.608s] running install
[0.614s] running install_lib
[0.630s] byte-compiling /home/aldo/ros2_ws/install/mi_primer_paquete/lib/python3.12/site-packages/mi_primer_paquete/CinematicaInversa.py to CinematicaInversa.cpython-312.pyc
[0.631s]   File "/home/aldo/ros2_ws/install/mi_primer_paquete/lib/python3.12/site-packages/mi_primer_paquete/CinematicaInversa.py", line 17
[0.631s]     xi = Matrix([T_0_p[0, 3],import rclpy
[0.631s]                              ^^^^^^
[0.631s] SyntaxError: invalid syntax
[0.631s] 
[0.631s] byte-compiling /home/aldo/ros2_ws/install/mi_primer_paquete/lib/python3.12/site-packages/mi_primer_paquete/cine_inver.py to cine_inver.cpython-312.pyc
[0.633s] Sorry: IndentationError: expected an indented block after 'for' statement on line 123 (cine_inver.py, line 124)
[0.634s] running install_data
[0.634s] copying launch/display_2.launch.py -> /home/aldo/ros2_ws/install/mi_primer_paquete/share/mi_primer_paquete/launch
[0.634s] running install_egg_info
[0.651s] removing '/home/aldo/ros2_ws/install/mi_primer_paquete/lib/python3.12/site-packages/mi_primer_paquete-0.0.0-py3.12.egg-info' (and everything under it)
[0.651s] Copying ../../build/mi_primer_paquete/mi_primer_paquete.egg-info to /home/aldo/ros2_ws/install/mi_primer_paquete/lib/python3.12/site-packages/mi_primer_paquete-0.0.0-py3.12.egg-info
[0.652s] running install_scripts
[0.761s] Installing clicked_point_a_juntas script to /home/aldo/ros2_ws/install/mi_primer_paquete/lib/mi_primer_paquete
[0.761s] Installing publicador_angulos script to /home/aldo/ros2_ws/install/mi_primer_paquete/lib/mi_primer_paquete
[0.761s] Installing publicador_juntas_terminal script to /home/aldo/ros2_ws/install/mi_primer_paquete/lib/mi_primer_paquete
[0.762s] Installing publisher script to /home/aldo/ros2_ws/install/mi_primer_paquete/lib/mi_primer_paquete
[0.762s] Installing punto_objetivo script to /home/aldo/ros2_ws/install/mi_primer_paquete/lib/mi_primer_paquete
[0.762s] Installing subscriber script to /home/aldo/ros2_ws/install/mi_primer_paquete/lib/mi_primer_paquete
[0.762s] Installing subscriber_2 script to /home/aldo/ros2_ws/install/mi_primer_paquete/lib/mi_primer_paquete
[0.762s] Installing subscriber_inter script to /home/aldo/ros2_ws/install/mi_primer_paquete/lib/mi_primer_paquete
[0.762s] writing list of installed files to '/home/aldo/ros2_ws/build/mi_primer_paquete/install.log'
[0.788s] Invoked command in '/home/aldo/ros2_ws/src/mi_primer_paquete' returned '0': DEBUGINFOD_URLS=https://debuginfod.ubuntu.com PYTHONPATH=/home/aldo/ros2_ws/build/mi_primer_paquete/prefix_override:/usr/lib/python3/dist-packages/colcon_core/task/python/colcon_distutils_commands:/home/aldo/ros2_ws/install/mi_primer_paquete/lib/python3.12/site-packages:${PYTHONPATH} /usr/bin/python3 -W ignore:setup.py install is deprecated -W ignore:easy_install command is deprecated setup.py egg_info --egg-base ../../build/mi_primer_paquete build --build-base /home/aldo/ros2_ws/build/mi_primer_paquete/build install --record /home/aldo/ros2_ws/build/mi_primer_paquete/install.log --single-version-externally-managed install_data
